VirtualBox COM Server 5.2.22 r126460 win.amd64 (Nov  8 2018 19:34:58) release log
00:00:00.007952 main     Log opened 2020-01-14T04:14:33.579158500Z
00:00:00.007952 main     Build Type: release
00:00:00.007952 main     OS Product: Windows 10
00:00:00.007952 main     OS Release: 10.0.18362
00:00:00.007952 main     OS Service Pack: 
00:00:00.109779 main     DMI Product Name: 80WW
00:00:00.175114 main     DMI Product Version: RESCUER R720-15IKBN
00:00:00.175114 main     Host RAM: 8084MB (7.8GB) total, 4397MB (4.2GB) available
00:00:00.175114 main     Executable: C:\Program Files\Oracle\VirtualBox\VBoxSVC.exe
00:00:00.175114 main     Process ID: 3228
00:00:00.175114 main     Package type: WINDOWS_64BITS_GENERIC
00:00:00.186085          VirtualBox: object creation starts
00:00:00.187082          Home directory: 'C:\Users\14569\.VirtualBox'
00:00:00.187082          Installed Drivers:
00:00:00.196057            C:\WINDOWS\system32\DRIVERS\VBoxNetAdp6.sys (Version: 5.2.22.26460)
00:00:00.203038            C:\WINDOWS\system32\DRIVERS\VBoxNetLwf.sys (Version: 5.2.22.26460)
00:00:00.205032            C:\WINDOWS\system32\DRIVERS\VBoxUSBMon.sys (Version: 5.2.22.26460)
00:00:00.208025            C:\WINDOWS\system32\DRIVERS\VBoxDrv.sys (Version: 5.2.22.26460)
00:00:00.212014          Loading settings file "C:\Users\14569\.VirtualBox\VirtualBox.xml" with version "1.12-windows"
00:00:00.224010          Getting USB descriptor failed with error 31
00:00:00.224010          Getting USB descriptor failed with error 31
00:00:00.227971          USB: Unknown USB device detected (idVendor: 0x04f2, idProduct: 0xb57e)
00:00:00.227971          USB: Unknown USB device detected (idVendor: 0x0cf3, idProduct: 0xe500)
00:00:00.715144          HostDnsMonitor: old information
00:00:00.715144            no server entries
00:00:00.715144            no domain set
00:00:00.715144            no search string entries
00:00:00.715144          HostDnsMonitor: new information
00:00:00.715144            server 1: 211.141.85.68
00:00:00.715144            server 2: 211.141.90.68
00:00:00.715144            domain: DHCP
00:00:00.715144            search string 1: DHCP
00:00:00.715144            search string 2: HOST
00:00:00.715144          HostDnsMonitorProxy::notify
00:00:01.131023          VD: VDInit finished with VINF_SUCCESS
00:00:01.136008          Loading settings file "C:\Users\14569\VirtualBox VMs\GNU Radio\GNU Radio.vbox" with version "1.16-windows"
00:00:01.137006          VirtualBox: object created
00:00:06.251005          Saving settings file "C:\Users\14569\.VirtualBox\VirtualBox.xml" with version "1.12-windows"
00:00:06.266936          Saving settings file "C:\Users\14569\.VirtualBox\VirtualBox.xml" with version "1.12-windows"
00:00:11.074807          Saving settings file "C:\Users\14569\.VirtualBox\VirtualBox.xml" with version "1.12-windows"
00:00:11.090765          Saving settings file "C:\Users\14569\.VirtualBox\VirtualBox.xml" with version "1.12-windows"
00:00:16.610697 main     VirtualBox: object deletion starts
00:00:16.610697 main     ERROR [COM]: aRC=VBOX_E_OBJECT_IN_USE (0x80bb000c) aIID={4afe423b-43e0-e9d0-82e8-ceb307940dda} aComponent={MediumWrap} aText={Medium 'C:\Users\14569\Documents\Tencent Files\1456983421\FileRecv\第二个实验的相关材料\Ubuntu-GNURadio\Ubuntu-GNURadio.vdi' cannot be closed because it is still attached to 1 virtual machines}, preserve=false aResultDetail=0
00:00:16.614686 Watcher  ERROR [COM]: aRC=E_ACCESSDENIED (0x80070005) aIID={9570b9d5-f1a1-448a-10c5-e12f5285adad} aComponent={VirtualBoxWrap} aText={The object is not ready}, preserve=false aResultDetail=0
00:00:16.614686 main     VirtualBox: object deleted
